\BOOKMARK [1][-]{section.1}{\376\377\000I\000n\000t\000r\000o\000d\000u\000\347\000\343\000o}{}% 1
\BOOKMARK [1][-]{section.2}{\376\377\000S\000e\000l\000e\000\347\000\343\000o\000\040\000d\000e\000\040\000m\000a\000t\000e\000r\000i\000a\000i\000s}{}% 2
\BOOKMARK [2][-]{subsection.2.1}{\376\377\000P\000a\000r\000e\000d\000e\000s\000\040\000E\000x\000t\000e\000r\000i\000o\000r\000e\000s}{section.2}% 3
\BOOKMARK [3][-]{subsubsection.2.1.1}{\376\377\000C\000a\000m\000a\000d\000a\000\040\000E\000x\000t\000e\000r\000i\000o\000r}{subsection.2.1}% 4
\BOOKMARK [3][-]{subsubsection.2.1.2}{\376\377\000C\000a\000m\000a\000d\000a\000\040\000I\000s\000o\000l\000a\000n\000t\000e\000\040\000e\000\040\000E\000s\000t\000r\000u\000t\000u\000r\000a\000l}{subsection.2.1}% 5
\BOOKMARK [3][-]{subsubsection.2.1.3}{\376\377\000C\000a\000m\000a\000d\000a\000\040\000I\000n\000t\000e\000r\000i\000o\000r}{subsection.2.1}% 6
\BOOKMARK [2][-]{subsection.2.2}{\376\377\000P\000a\000r\000e\000d\000e\000s\000\040\000I\000n\000t\000e\000r\000i\000o\000r\000e\000s}{section.2}% 7
\BOOKMARK [3][-]{subsubsection.2.2.1}{\376\377\000C\000a\000m\000a\000d\000a\000\040\000E\000x\000t\000e\000r\000i\000o\000r\000\040\000e\000\040\000I\000n\000t\000e\000r\000i\000o\000r}{subsection.2.2}% 8
\BOOKMARK [3][-]{subsubsection.2.2.2}{\376\377\000C\000a\000m\000a\000d\000a\000\040\000I\000s\000o\000l\000a\000n\000t\000e\000\040\000e\000\040\000E\000s\000t\000r\000u\000t\000u\000r\000a\000l}{subsection.2.2}% 9
\BOOKMARK [2][-]{subsection.2.3}{\376\377\000T\000e\000l\000h\000a\000d\000o}{section.2}% 10
\BOOKMARK [2][-]{subsection.2.4}{\376\377\000P\000o\000r\000t\000a\000s}{section.2}% 11
\BOOKMARK [2][-]{subsection.2.5}{\376\377\000J\000a\000n\000e\000l\000a\000s}{section.2}% 12
\BOOKMARK [1][-]{section.3}{\376\377\000E\000s\000t\000r\000u\000t\000u\000r\000a}{}% 13
\BOOKMARK [2][-]{subsection.3.1}{\376\377\000C\000r\000o\000q\000u\000i}{section.3}% 14
\BOOKMARK [2][-]{subsection.3.2}{\376\377\000R\000e\000s\000i\000s\000t\000\352\000n\000c\000i\000a\000\040\000T\000\351\000r\000m\000i\000c\000a\000\040\000n\000a\000s\000\040\000S\000e\000c\000\347\000\365\000e\000s}{section.3}% 15
\BOOKMARK [3][-]{subsubsection.3.2.1}{\376\377\000Z\000o\000n\000a\000\040\000A}{subsection.3.2}% 16
\BOOKMARK [3][-]{subsubsection.3.2.2}{\376\377\000Z\000o\000n\000a\000\040\000B}{subsection.3.2}% 17
\BOOKMARK [3][-]{subsubsection.3.2.3}{\376\377\000Z\000o\000n\000a\000\040\000C}{subsection.3.2}% 18
\BOOKMARK [3][-]{subsubsection.3.2.4}{\376\377\000Z\000o\000n\000a\000\040\000D}{subsection.3.2}% 19
\BOOKMARK [3][-]{subsubsection.3.2.5}{\376\377\000Z\000o\000n\000a\000\040\000E}{subsection.3.2}% 20
\BOOKMARK [3][-]{subsubsection.3.2.6}{\376\377\000T\000e\000l\000h\000a\000d\000o}{subsection.3.2}% 21
